<?xml version="1.0" encoding="UTF-8"?>
<!-- Generated by org.testng.reporters.JUnitReportReporter -->
<testsuite skipped="0" hostname="Tuhin" name="testcases.RetrieveDataOf52WeekHighLowForBAC" tests="1" failures="0" timestamp="24 Jul 2017 00:24:40 GMT" time="31.682" errors="0">
  <testcase name="retrieveDataOf52WeekHighLowForBAC" time="31.682" classname="testcases.RetrieveDataOf52WeekHighLowForBAC"/>
</testsuite> <!-- testcases.RetrieveDataOf52WeekHighLowForBAC -->
