<?xml version="1.0" encoding="UTF-8"?>
<!-- Generated by org.testng.reporters.JUnitReportReporter -->
<testsuite skipped="0" hostname="Tuhin" name="testcases.ReletiveCurrentStockPriceWith52WeekHighLow" tests="1" failures="0" timestamp="24 Jul 2017 00:24:40 GMT" time="28.890" errors="0">
  <testcase name="reletiveCurrentStockPriceWith52WeekHighLow" time="28.890" classname="testcases.ReletiveCurrentStockPriceWith52WeekHighLow"/>
</testsuite> <!-- testcases.ReletiveCurrentStockPriceWith52WeekHighLow -->
