<?xml version="1.0" encoding="UTF-8"?>
<!-- Generated by org.testng.reporters.JUnitReportReporter -->
<testsuite skipped="0" hostname="Tuhin" name="testcases.RetriveTheCurrentPriceOfBAC" tests="1" failures="0" timestamp="24 Jul 2017 00:24:40 GMT" time="30.221" errors="0">
  <testcase name="retriveTheCurrentPriceOfBAC" time="30.221" classname="testcases.RetriveTheCurrentPriceOfBAC"/>
</testsuite> <!-- testcases.RetriveTheCurrentPriceOfBAC -->
